********************************************************************************
product = Open Liberty 23.0.0.9 (wlp-1.0.81.cl230920230904-1158)
wlp.install.dir = /Users/dawidkapka/git/journee/journee-api/target/liberty/wlp/
java.home = /Users/dawidkapka/Library/Java/JavaVirtualMachines/openjdk-18.0.2/Contents/Home
java.version = 18.0.2
java.runtime = OpenJDK Runtime Environment (18.0.2+9-61)
os = Mac OS X (12.4; x86_64) (en_GB)
process = 44834@Dawids-MacBook-Pro.local
Classpath = /Users/dawidkapka/git/journee/journee-api/target/liberty/wlp/bin/tools/ws-server.jar
Java Library path = /Users/dawidkapka/Library/Java/Extensions:/Library/Java/Extensions:/Network/Library/Java/Extensions:/System/Library/Java/Extensions:/usr/lib/java:.
********************************************************************************
[06/10/2023, 15:20:27:627 CEST] 00000001 com.ibm.ws.kernel.launch.internal.FrameworkManager           A CWWKE0001I: The server defaultServer has been launched.
[06/10/2023, 15:20:27:976 CEST] 0000001f com.ibm.ws.config.xml.internal.ServerXMLConfiguration        A CWWKG0093A: Processing configuration drop-ins resource: /Users/dawidkapka/git/journee/journee-api/target/liberty/wlp/usr/servers/defaultServer/configDropins/overrides/liberty-plugin-variable-config.xml
[06/10/2023, 15:20:28:085 CEST] 00000001 com.ibm.ws.kernel.launch.internal.FrameworkManager           I CWWKE0002I: The kernel started after 0.654 seconds
[06/10/2023, 15:20:28:094 CEST] 00000028 com.ibm.ws.kernel.feature.internal.FeatureManager            I CWWKF0007I: Feature update started.
[06/10/2023, 15:20:28:201 CEST] 0000001e com.ibm.ws.app.manager.internal.monitor.DropinMonitor        A CWWKZ0058I: Monitoring dropins for applications.
[06/10/2023, 15:20:28:420 CEST] 0000002f com.ibm.ws.app.manager.AppMessageHelper                      I CWWKZ0018I: Starting application journee-api.
[06/10/2023, 15:20:28:420 CEST] 0000002f bm.ws.app.manager.war.internal.WARDeployedAppInfoFactoryImpl I CWWKZ0134I: The journee-api application is using the loose application definition at the /Users/dawidkapka/git/journee/journee-api/target/liberty/wlp/usr/servers/defaultServer/apps/journee-api.war.xml location.
[06/10/2023, 15:20:28:611 CEST] 0000002f org.jboss.weld.Version                                       I WELD-000900: 5.1.1 (SP1)
[06/10/2023, 15:20:29:118 CEST] 0000002f com.ibm.ws.session.WASSessionCore                            I SESN8501I: The session manager did not find a persistent storage location; HttpSession objects will be stored in the local application server's memory.
[06/10/2023, 15:20:29:123 CEST] 0000002f com.ibm.ws.webcontainer.osgi.webapp.WebGroup                 I SRVE0169I: Loading Web Module: journee-api.
[06/10/2023, 15:20:29:125 CEST] 0000002f com.ibm.ws.webcontainer                                      I SRVE0250I: Web Module journee-api has been bound to default_host.
[06/10/2023, 15:20:29:125 CEST] 0000002f com.ibm.ws.http.internal.VirtualHostImpl                     A CWWKT0016I: Web application available (default_host): http://10.20.11.101:9080/
[06/10/2023, 15:20:29:139 CEST] 00000041 com.ibm.ws.session.WASSessionCore                            I SESN0176I: A new session context will be created for application key default_host/
[06/10/2023, 15:20:29:146 CEST] 00000041 com.ibm.ws.util                                              I SESN0172I: The session manager is using the Java default SecureRandom implementation for session ID generation.
[06/10/2023, 15:20:29:162 CEST] 00000049 com.ibm.ws.webcontainer.osgi.mbeans.PluginGenerator          I SRVE9103I: A configuration file for a web server plugin was automatically generated for this server at /Users/dawidkapka/git/journee/journee-api/target/liberty/wlp/usr/servers/defaultServer/logs/state/plugin-cfg.xml.
[06/10/2023, 15:20:29:191 CEST] 00000041 com.ibm.ws.app.manager.AppMessageHelper                      A CWWKZ0001I: Application journee-api started in 0.771 seconds.
[06/10/2023, 15:20:29:208 CEST] 00000028 com.ibm.ws.tcpchannel.internal.TCPPort                       I CWWKO0219I: TCP Channel defaultHttpEndpoint has been started and is now listening for requests on host *  (IPv6) port 9080.
[06/10/2023, 15:20:29:212 CEST] 00000028 com.ibm.ws.kernel.feature.internal.FeatureManager            A CWWKF0012I: The server installed the following features: [cdi-4.0, jndi-1.0, jsonb-3.0, jsonp-2.1, restfulWS-3.1, restfulWSClient-3.1].
[06/10/2023, 15:20:29:213 CEST] 00000028 com.ibm.ws.kernel.feature.internal.FeatureManager            I CWWKF0008I: Feature update completed in 1.128 seconds.
[06/10/2023, 15:20:29:213 CEST] 00000028 com.ibm.ws.kernel.feature.internal.FeatureManager            A CWWKF0011I: The defaultServer server is ready to run a smarter planet. The defaultServer server started in 1.783 seconds.
[06/10/2023, 15:20:29:400 CEST] 00000041 org.jboss.resteasy.resteasy_jaxrs.i18n                       I RESTEASY002225: Deploying jakarta.ws.rs.core.Application: class com.dk.journee.api.JourneeApplication$Proxy$_$$_WeldClientProxy
[06/10/2023, 15:20:29:413 CEST] 00000041 com.ibm.ws.webcontainer.servlet                              I SRVE0242I: [journee-api] [/] [com.dk.journee.api.JourneeApplication]: Initialization successful.
[06/10/2023, 15:20:31:390 CEST] 0000004a com.ibm.ws.http.internal.VirtualHostImpl                     A CWWKT0017I: Web application removed (default_host): http://10.20.11.101:9080/
[06/10/2023, 15:20:31:391 CEST] 0000004a com.ibm.ws.webcontainer.servlet                              I SRVE0253I: [journee-api] [/] [com.dk.journee.api.JourneeApplication]: Destroy successful.
[06/10/2023, 15:20:31:402 CEST] 0000004a com.ibm.ws.app.manager.AppMessageHelper                      A CWWKZ0009I: The application journee-api has stopped successfully.
[06/10/2023, 15:20:31:408 CEST] 0000004a com.ibm.ws.app.manager.AppMessageHelper                      I CWWKZ0018I: Starting application journee-api.
[06/10/2023, 15:20:31:408 CEST] 0000004a bm.ws.app.manager.war.internal.WARDeployedAppInfoFactoryImpl I CWWKZ0134I: The journee-api application is using the loose application definition at the /Users/dawidkapka/git/journee/journee-api/target/liberty/wlp/usr/servers/defaultServer/apps/journee-api.war.xml location.
[06/10/2023, 15:20:31:502 CEST] 0000004a com.ibm.ws.webcontainer.osgi.webapp.WebGroup                 I SRVE0169I: Loading Web Module: journee-api.
[06/10/2023, 15:20:31:502 CEST] 0000004a com.ibm.ws.webcontainer                                      I SRVE0250I: Web Module journee-api has been bound to default_host.
[06/10/2023, 15:20:31:502 CEST] 0000004a com.ibm.ws.http.internal.VirtualHostImpl                     A CWWKT0016I: Web application available (default_host): http://10.20.11.101:9080/
[06/10/2023, 15:20:31:503 CEST] 0000004b com.ibm.ws.session.WASSessionCore                            I SESN0176I: A new session context will be created for application key default_host/
[06/10/2023, 15:20:31:503 CEST] 0000004b com.ibm.ws.util                                              I SESN0172I: The session manager is using the Java default SecureRandom implementation for session ID generation.
[06/10/2023, 15:20:31:506 CEST] 0000004b com.ibm.ws.app.manager.AppMessageHelper                      A CWWKZ0003I: The application journee-api updated in 0.097 seconds.
[06/10/2023, 15:20:31:543 CEST] 00000038 com.ibm.ws.webcontainer.osgi.mbeans.PluginGenerator          I SRVE9103I: A configuration file for a web server plugin was automatically generated for this server at /Users/dawidkapka/git/journee/journee-api/target/liberty/wlp/usr/servers/defaultServer/logs/state/plugin-cfg.xml.
[06/10/2023, 15:20:31:550 CEST] 0000004b org.jboss.resteasy.resteasy_jaxrs.i18n                       I RESTEASY002225: Deploying jakarta.ws.rs.core.Application: class com.dk.journee.api.JourneeApplication$Proxy$_$$_WeldClientProxy
[06/10/2023, 15:20:31:551 CEST] 0000004b com.ibm.ws.webcontainer.servlet                              I SRVE0242I: [journee-api] [/] [com.dk.journee.api.JourneeApplication]: Initialization successful.
[06/10/2023, 15:20:31:558 CEST] 00000034 com.ibm.ws.webcontainer.osgi.mbeans.PluginGenerator          I SRVE9103I: A configuration file for a web server plugin was automatically generated for this server at /Users/dawidkapka/git/journee/journee-api/target/liberty/wlp/usr/servers/defaultServer/logs/state/plugin-cfg.xml.
[06/10/2023, 15:42:39:551 CEST] 00000017 com.ibm.ws.kernel.launch.internal.FrameworkManager           A CWWKE0085I: The server defaultServer is stopping because the JVM is exiting.
[06/10/2023, 15:42:39:651 CEST] 0000009c com.ibm.ws.runtime.update.internal.RuntimeUpdateManagerImpl  A CWWKE1100I: Waiting for up to 30 seconds for the server to quiesce.
[06/10/2023, 15:42:39:724 CEST] 00000082 com.ibm.ws.tcpchannel.internal.TCPChannel                    I CWWKO0220I: TCP Channel defaultHttpEndpoint has stopped listening for requests on host *  (IPv6) port 9080.
[06/10/2023, 15:42:39:730 CEST] 00000082 com.ibm.ws.http.internal.VirtualHostImpl                     A CWWKT0017I: Web application removed (default_host): http://10.20.11.101:9080/
[06/10/2023, 15:42:39:774 CEST] 00000018 com.ibm.ws.kernel.launch.internal.ServerCommandListener      A CWWKE0055I: Server shutdown requested on Friday, 6 October 2023 at 15:42. The server defaultServer is shutting down.
[06/10/2023, 15:42:40:743 CEST] 0000009c com.ibm.ws.runtime.update.internal.RuntimeUpdateManagerImpl  I CWWKE1101I: Server quiesce complete.
[06/10/2023, 15:42:40:798 CEST] 00000097 com.ibm.ws.app.manager.AppMessageHelper                      A CWWKZ0009I: The application journee-api has stopped successfully.
[06/10/2023, 15:42:41:047 CEST] 00000001 com.ibm.ws.kernel.launch.internal.FrameworkManager           A CWWKE0036I: The server defaultServer stopped after 22 minutes, 13.628 seconds.
